Build started 12/9/2015 10:47:04 PM.
     1>Project "C:\Users\m_var\Documents\Visual Studio 2015\Projects\ConsoleApplication1\ConsoleApplication1\ConsoleApplication1.vcxproj" on node 2 (Build target(s)).
     1>ClCompile:
         C:\Program Files (x86)\Microsoft Visual Studio 14.0\VC\bin\CL.exe /c /ZI /nologo /W3 /WX- /sdl /Od /Oy- /D WIN32 /D _DEBUG /D _CONSOLE /D _UNICODE /D UNICODE /Gm /EHsc /RTC1 /MDd /GS /fp:precise /Zc:wchar_t /Zc:forScope /Zc:inline /Fo"Debug\\" /Fd"Debug\vc140.pdb" /Gd /TP /analyze- /errorReport:prompt /wd4996 main.cpp
         main.cpp
     1>c:\users\m_var\documents\visual studio 2015\projects\consoleapplication1\consoleapplication1\main.cpp(241): warning C4244: 'return': conversion from 'double' to 'int', possible loss of data
     1>c:\users\m_var\documents\visual studio 2015\projects\consoleapplication1\consoleapplication1\main.cpp(295): warning C4101: 'p1': unreferenced local variable
     1>c:\users\m_var\documents\visual studio 2015\projects\consoleapplication1\consoleapplication1\main.cpp(665): warning C4101: 'distance': unreferenced local variable
     1>c:\users\m_var\documents\visual studio 2015\projects\consoleapplication1\consoleapplication1\main.cpp(665): warning C4101: 'y': unreferenced local variable
     1>c:\users\m_var\documents\visual studio 2015\projects\consoleapplication1\consoleapplication1\main.cpp(665): warning C4101: 'min': unreferenced local variable
     1>c:\users\m_var\documents\visual studio 2015\projects\consoleapplication1\consoleapplication1\main.cpp(665): warning C4101: 'x': unreferenced local variable
     1>c:\users\m_var\documents\visual studio 2015\projects\consoleapplication1\consoleapplication1\main.cpp(712): warning C4018: '<': signed/unsigned mismatch
     1>c:\users\m_var\documents\visual studio 2015\projects\consoleapplication1\consoleapplication1\main.cpp(784): warning C4018: '<': signed/unsigned mismatch
     1>c:\users\m_var\documents\visual studio 2015\projects\consoleapplication1\consoleapplication1\main.cpp(924): warning C4018: '<': signed/unsigned mismatch
     1>c:\users\m_var\documents\visual studio 2015\projects\consoleapplication1\consoleapplication1\main.cpp(921): warning C4101: 'histoResult': unreferenced local variable
     1>c:\users\m_var\documents\visual studio 2015\projects\consoleapplication1\consoleapplication1\main.cpp(1000): warning C4244: '=': conversion from 'double' to 'int', possible loss of data
     1>c:\users\m_var\documents\visual studio 2015\projects\consoleapplication1\consoleapplication1\main.cpp(87): warning C4172: returning address of local variable or temporary: filter
       Link:
         C:\Program Files (x86)\Microsoft Visual Studio 14.0\VC\bin\link.exe /ERRORREPORT:PROMPT /OUT:"C:\Users\m_var\Documents\Visual Studio 2015\Projects\ConsoleApplication1\Debug\ocr.exe" /INCREMENTAL /NOLOGO kernel32.lib user32.lib gdi32.lib winspool.lib comdlg32.lib advapi32.lib shell32.lib ole32.lib oleaut32.lib uuid.lib odbc32.lib odbccp32.lib /MANIFEST /MANIFESTUAC:"level='asInvoker' uiAccess='false'" /manifest:embed /Debug /PDB:"C:\Users\m_var\Documents\Visual Studio 2015\Projects\ConsoleApplication1\Debug\ocr.pdb" /SUBSYSTEM:CONSOLE /TLBID:1 /DYNAMICBASE /NXCOMPAT /IMPLIB:"C:\Users\m_var\Documents\Visual Studio 2015\Projects\ConsoleApplication1\Debug\ocr.lib" /MACHINE:X86 Debug\main.obj
         ConsoleApplication1.vcxproj -> C:\Users\m_var\Documents\Visual Studio 2015\Projects\ConsoleApplication1\Debug\ocr.exe
     1>Done Building Project "C:\Users\m_var\Documents\Visual Studio 2015\Projects\ConsoleApplication1\ConsoleApplication1\ConsoleApplication1.vcxproj" (Build target(s)).

Build succeeded.

Time Elapsed 00:00:03.97
